c:\users\mikael\documents\visual studio 2013\projects\gameengine\gameengine\gameengine.windows\debug\pch.pch
c:\users\mikael\documents\visual studio 2013\projects\gameengine\gameengine\gameengine.windows\debug\vc120.pdb
c:\users\mikael\documents\visual studio 2013\projects\gameengine\gameengine\gameengine.windows\debug\vc120.idb
c:\users\mikael\documents\visual studio 2013\projects\gameengine\gameengine\gameengine.windows\debug\pch.obj
c:\users\mikael\documents\visual studio 2013\projects\gameengine\gameengine\gameengine.windows\debug\gamescene.obj
c:\users\mikael\documents\visual studio 2013\projects\gameengine\gameengine\gameengine.windows\debug\square.obj
c:\users\mikael\documents\visual studio 2013\projects\gameengine\gameengine\gameengine.windows\debug\renderingengine.obj
c:\users\mikael\documents\visual studio 2013\projects\gameengine\gameengine\gameengine.windows\debug\camera.obj
c:\users\mikael\documents\visual studio 2013\projects\gameengine\gameengine\gameengine.windows\debug\scenerequest.obj
c:\users\mikael\documents\visual studio 2013\projects\gameengine\gameengine\gameengine.windows\debug\splashscene.obj
c:\users\mikael\documents\visual studio 2013\projects\gameengine\gameengine\gameengine.windows\debug\simplerenderer.obj
c:\users\mikael\documents\visual studio 2013\projects\gameengine\gameengine\gameengine.windows\debug\xamltypeinfo.impl.g.obj
c:\users\mikael\documents\visual studio 2013\projects\gameengine\gameengine\gameengine.windows\debug\app.xaml.obj
c:\users\mikael\documents\visual studio 2013\projects\gameengine\gameengine\gameengine.windows\debug\openglespage.xaml.obj
c:\users\mikael\documents\visual studio 2013\projects\gameengine\gameengine\gameengine.windows\debug\opengles.obj
c:\users\mikael\documents\visual studio 2013\projects\gameengine\gameengine\gameengine.windows\debug\xamltypeinfo.g.obj
c:\users\mikael\documents\visual studio 2013\projects\gameengine\debug\gameengine.windows\gameengine.winmd
c:\users\mikael\documents\visual studio 2013\projects\gameengine\debug\gameengine.windows\gameengine.windows.lib
c:\users\mikael\documents\visual studio 2013\projects\gameengine\debug\gameengine.windows\gameengine.windows.exp
c:\users\mikael\documents\visual studio 2013\projects\gameengine\gameengine\gameengine.windows\debug\gameengine.windows.vcxprojresolveassemblyreference.cache
c:\users\mikael\documents\visual studio 2013\projects\gameengine\gameengine\gameengine.windows\generated files\app.g.h
c:\users\mikael\documents\visual studio 2013\projects\gameengine\gameengine\gameengine.windows\generated files\openglespage.g.h
c:\users\mikael\documents\visual studio 2013\projects\gameengine\gameengine\gameengine.windows\generated files\xamllibmetadataprovider.g.cpp
c:\users\mikael\documents\visual studio 2013\projects\gameengine\gameengine\gameengine.windows\generated files\xamltypeinfo.impl.g.cpp
c:\users\mikael\documents\visual studio 2013\projects\gameengine\gameengine\gameengine.windows\debug\xamlsavestatefile.xml
c:\users\mikael\documents\visual studio 2013\projects\gameengine\gameengine\gameengine.windows\generated files\app.g.hpp
c:\users\mikael\documents\visual studio 2013\projects\gameengine\gameengine\gameengine.windows\generated files\openglespage.g.hpp
c:\users\mikael\documents\visual studio 2013\projects\gameengine\gameengine\gameengine.windows\generated files\xamltypeinfo.g.cpp
c:\users\mikael\documents\visual studio 2013\projects\gameengine\gameengine\gameengine.windows\generated files\app.xaml
c:\users\mikael\documents\visual studio 2013\projects\gameengine\gameengine\gameengine.windows\generated files\openglespage.xaml
c:\users\mikael\documents\visual studio 2013\projects\gameengine\gameengine\gameengine.windows\generated files\app.xbf
c:\users\mikael\documents\visual studio 2013\projects\gameengine\gameengine\gameengine.windows\generated files\openglespage.xbf
c:\users\mikael\documents\visual studio 2013\projects\gameengine\debug\gameengine.windows\app.xbf
c:\users\mikael\documents\visual studio 2013\projects\gameengine\debug\gameengine.windows\openglespage.xbf
c:\users\mikael\documents\visual studio 2013\projects\gameengine\gameengine\gameengine.windows\debug\gameengine.windows.vcxproj.generateresource.cache
c:\users\mikael\documents\visual studio 2013\projects\gameengine\gameengine\gameengine.windows\debug\priconfig.xml
c:\users\mikael\documents\visual studio 2013\projects\gameengine\gameengine\gameengine.windows\debug\priconfig.xml.intermediate
c:\users\mikael\documents\visual studio 2013\projects\gameengine\gameengine\gameengine.windows\debug\layout.resfiles
c:\users\mikael\documents\visual studio 2013\projects\gameengine\gameengine\gameengine.windows\debug\layout.resfiles.intermediate
c:\users\mikael\documents\visual studio 2013\projects\gameengine\gameengine\gameengine.windows\debug\resources.resfiles
c:\users\mikael\documents\visual studio 2013\projects\gameengine\gameengine\gameengine.windows\debug\resources.resfiles.intermediate
c:\users\mikael\documents\visual studio 2013\projects\gameengine\gameengine\gameengine.windows\debug\pri.resfiles
c:\users\mikael\documents\visual studio 2013\projects\gameengine\gameengine\gameengine.windows\debug\pri.resfiles.intermediate
c:\users\mikael\documents\visual studio 2013\projects\gameengine\debug\gameengine.windows\resources.pri
c:\users\mikael\documents\visual studio 2013\projects\gameengine\gameengine\gameengine.windows\debug\qualifiers.txt
c:\users\mikael\documents\visual studio 2013\projects\gameengine\gameengine\gameengine.windows\debug\qualifiers.txt.intermediate
c:\users\mikael\documents\visual studio 2013\projects\gameengine\gameengine\gameengine.windows\debug\multiplequalifiersperdimensionfound.txt
c:\users\mikael\documents\visual studio 2013\projects\gameengine\gameengine\gameengine.windows\debug\projectarchitectures.txt
c:\users\mikael\documents\visual studio 2013\projects\gameengine\debug\gameengine.windows\appxmanifest.xml
c:\users\mikael\documents\visual studio 2013\projects\gameengine\debug\gameengine.windows\gameengine.windows.build.appxrecipe
c:\users\mikael\documents\visual studio 2013\projects\gameengine\gameengine\gameengine.windows\debug\gameengi.7ca3afa2.tlog\gameengine.winmd.lastbuild
c:\users\mikael\documents\visual studio 2013\projects\gameengine\debug\gameengine.windows\gameengine.windows.ilk
c:\users\mikael\documents\visual studio 2013\projects\gameengine\debug\gameengine.windows\gameengine.windows.exe
c:\users\mikael\documents\visual studio 2013\projects\gameengine\debug\gameengine.windows\gameengine.windows.pdb
c:\users\mikael\documents\visual studio 2013\projects\gameengine\gameengine\gameengine.windows\debug\gameengi.7ca3afa2.tlog\cl.command.1.tlog
c:\users\mikael\documents\visual studio 2013\projects\gameengine\gameengine\gameengine.windows\debug\gameengi.7ca3afa2.tlog\cl.read.1.tlog
c:\users\mikael\documents\visual studio 2013\projects\gameengine\gameengine\gameengine.windows\debug\gameengi.7ca3afa2.tlog\cl.write.1.tlog
c:\users\mikael\documents\visual studio 2013\projects\gameengine\gameengine\gameengine.windows\debug\gameengi.7ca3afa2.tlog\gameengine.windows.read.1u.tlog
c:\users\mikael\documents\visual studio 2013\projects\gameengine\gameengine\gameengine.windows\debug\gameengi.7ca3afa2.tlog\gameengine.windows.write.1u.tlog
c:\users\mikael\documents\visual studio 2013\projects\gameengine\gameengine\gameengine.windows\debug\gameengi.7ca3afa2.tlog\link.command.1.tlog
c:\users\mikael\documents\visual studio 2013\projects\gameengine\gameengine\gameengine.windows\debug\gameengi.7ca3afa2.tlog\link.read.1.tlog
c:\users\mikael\documents\visual studio 2013\projects\gameengine\gameengine\gameengine.windows\debug\gameengi.7ca3afa2.tlog\link.write.1.tlog
c:\users\mikael\documents\visual studio 2013\projects\gameengine\gameengine\gameengine.windows\generated files\xamltypeinfo.g.h
