Build started 19/04/15 23:45:22.
     1>Project "C:\sourcecode\GameEngineWP\GameEngine\GameEngine.Windows\GameEngine.Windows.vcxproj" on node 2 (Build target(s)).
     1>ClCompile:
         C:\Program Files (x86)\Microsoft Visual Studio 12.0\VC\bin\CL.exe /c /IC:\sourcecode\angle\include\ /IC:\sourcecode\GameEngineWP\GameEngine\GameEngine.Windows\ /IDebug\ /IC:\sourcecode\GameEngineWP\GameEngine\GameEngine.Windows\ /I"Generated Files\\" /IDebug\ /IC:\sourcecode\GameEngineWP\GameEngine\GameEngine.Shared\ /ZI /ZW /ZW:nostdlib /nologo /W3 /WX- /sdl /MP /Od /Oy- /D _UNICODE /D UNICODE /D _DEBUG /D WINAPI_FAMILY=WINAPI_FAMILY_APP /Gm- /EHsc /RTC1 /MDd /GS /fp:precise /Zc:wchar_t /Zc:forScope /Yu"pch.h" /Fp"Debug\pch.pch" /Fo"Debug\\" /Fd"Debug\vc120.pdb" /Gd /TP /wd4453 /wd28204 /FU"C:\Program Files (x86)\Microsoft SDKs\Windows\v8.1\ExtensionSDKs\Microsoft.VCLibs\12.0\References\CommonConfiguration\neutral\platform.winmd" /FU"C:\Program Files (x86)\Windows Kits\8.1\References\CommonConfiguration\Neutral\Windows.winmd" /FU"C:\Program Files (x86)\Windows Kits\8.1\References\CommonConfiguration\Neutral\Windows.winmd" /analyze- /errorReport:prompt /bigobj OpenGLESPage.xaml.cpp
         OpenGLESPage.xaml.cpp
       CreateWinMD:
         C:\Program Files (x86)\Microsoft Visual Studio 12.0\VC\bin\link.exe /ERRORREPORT:PROMPT /OUT:"C:\sourcecode\GameEngineWP\Debug\GameEngine.Windows\GameEngine.Windows.exe" /INCREMENTAL /NOLOGO /LIBPATH:"C:\Program Files (x86)\Microsoft Visual Studio 12.0\VC\\lib\store" /LIBPATH:"C:\Program Files (x86)\Microsoft Visual Studio 12.0\VC\\lib" C:\sourcecode\angle\winrt\8.1\windows\src\Debug_Win32\lib\libGLESv2.lib C:\sourcecode\angle\winrt\8.1\windows\src\Debug_Win32\lib\libEGL.lib kernel32.lib /MANIFEST:NO /DEBUG /PDB:"C:\sourcecode\GameEngineWP\Debug\GameEngine.Windows\GameEngine.Windows.pdb" /SUBSYSTEM:WINDOWS /TLBID:1 /APPCONTAINER /WINMD:ONLY /WINMDFILE:"C:\sourcecode\GameEngineWP\Debug\GameEngine.Windows\GameEngine.winmd" /DYNAMICBASE /NXCOMPAT /MACHINE:X86 Debug\Camera.obj
         Debug\GameScene.obj
         Debug\RenderingEngine.obj
         Debug\SceneRequest.obj
         Debug\SplashScene.obj
         Debug\Square.obj
         Debug\OpenGLES.obj
         Debug\pch.obj
         Debug\SimpleRenderer.obj
         Debug\App.xaml.obj
         Debug\OpenGLESPage.xaml.obj
         Debug\XamlTypeInfo.Impl.g.obj
       Link:
         C:\Program Files (x86)\Microsoft Visual Studio 12.0\VC\bin\link.exe /ERRORREPORT:PROMPT /OUT:"C:\sourcecode\GameEngineWP\Debug\GameEngine.Windows\GameEngine.Windows.exe" /INCREMENTAL /NOLOGO /LIBPATH:"C:\Program Files (x86)\Microsoft Visual Studio 12.0\VC\\lib\store" /LIBPATH:"C:\Program Files (x86)\Microsoft Visual Studio 12.0\VC\\lib" C:\sourcecode\angle\winrt\8.1\windows\src\Debug_Win32\lib\libGLESv2.lib C:\sourcecode\angle\winrt\8.1\windows\src\Debug_Win32\lib\libEGL.lib kernel32.lib /MANIFEST:NO /DEBUG /PDB:"C:\sourcecode\GameEngineWP\Debug\GameEngine.Windows\GameEngine.Windows.pdb" /SUBSYSTEM:WINDOWS /TLBID:1 /APPCONTAINER /WINMD:NO /WINMDFILE:"C:\sourcecode\GameEngineWP\Debug\GameEngine.Windows\GameEngine.winmd" /DYNAMICBASE /NXCOMPAT /MACHINE:X86 Debug\Camera.obj
         Debug\GameScene.obj
         Debug\RenderingEngine.obj
         Debug\SceneRequest.obj
         Debug\SplashScene.obj
         Debug\Square.obj
         Debug\OpenGLES.obj
         Debug\pch.obj
         Debug\SimpleRenderer.obj
         Debug\App.xaml.obj
         Debug\OpenGLESPage.xaml.obj
         Debug\XamlTypeInfo.Impl.g.obj
         Debug\XamlTypeInfo.g.obj
         GameEngine.Windows.vcxproj -> C:\sourcecode\GameEngineWP\Debug\GameEngine.Windows\GameEngine.Windows.exe
     1>Done Building Project "C:\sourcecode\GameEngineWP\GameEngine\GameEngine.Windows\GameEngine.Windows.vcxproj" (Build target(s)).

Build succeeded.

Time Elapsed 00:00:04.37
